2025-07-13 23:09:19 - USER - ============================================================
2025-07-13 23:09:19 - USER - Запуск Alt-RAG системы
2025-07-13 23:09:19 - DEBUG - Версия Python: 3.10.6 (tags/v3.10.6:9c7b4bd, Aug  1 2022, 21:53:49) [MSC v.1932 64 bit (AMD64)]
2025-07-13 23:09:19 - USER - Текущий язык интерфейса: ru
2025-07-13 23:09:19 - USER - ============================================================
2025-07-13 23:09:19 - USER - Запуск основного интерфейса...
2025-07-13 23:09:19 - USER - Приложение завершило работу успешно
2025-07-13 23:17:11 - USER - ============================================================
2025-07-13 23:17:11 - USER - Запуск Alt-RAG системы
2025-07-13 23:17:11 - DEBUG - Версия Python: 3.10.6 (tags/v3.10.6:9c7b4bd, Aug  1 2022, 21:53:49) [MSC v.1932 64 bit (AMD64)]
2025-07-13 23:17:11 - USER - Текущий язык интерфейса: ru
2025-07-13 23:17:11 - USER - ============================================================
2025-07-13 23:17:11 - USER - Запуск основного интерфейса...
2025-07-13 23:17:11 - USER - Приложение завершило работу успешно
2025-07-14 02:10:53 - DEBUG - Загружены переводы для: []
2025-07-14 02:10:53 - INFO - ============================================================
2025-07-14 02:10:53 - INFO - Запуск Alt-RAG системы
2025-07-14 02:10:53 - DEBUG - Версия Python: 3.10.6 (tags/v3.10.6:9c7b4bd, Aug  1 2022, 21:53:49) [MSC v.1932 64 bit (AMD64)]
2025-07-14 02:10:53 - INFO - Текущий язык интерфейса: ru
2025-07-14 02:10:53 - INFO - ============================================================
2025-07-14 02:10:53 - INFO - Запуск основного интерфейса...
2025-07-14 02:10:53 - INFO - folder_created
2025-07-14 02:11:16 - INFO - Запрос сохранен в user_data\outputs\140725_021053\query.json
2025-07-14 02:11:30 - INFO - Приложение завершило работу успешно
2025-07-14 11:02:05 - DEBUG - Загружены переводы для: []
2025-07-14 11:02:05 - INFO - ============================================================
2025-07-14 11:02:05 - INFO - Запуск Alt-RAG системы
2025-07-14 11:02:05 - DEBUG - Версия Python: 3.10.6 (tags/v3.10.6:9c7b4bd, Aug  1 2022, 21:53:49) [MSC v.1932 64 bit (AMD64)]
2025-07-14 11:02:05 - INFO - Текущий язык интерфейса: ru
2025-07-14 11:02:05 - INFO - ============================================================
2025-07-14 11:02:05 - INFO - Запуск основного интерфейса...
2025-07-14 11:02:05 - INFO - folder_created
2025-07-14 11:03:23 - INFO - Запрос сохранен в user_data\outputs\140725_110205\query.json
2025-07-14 11:03:37 - INFO - Приложение завершило работу успешно
2025-07-14 11:20:35 - DEBUG - Загружены переводы для: []
2025-07-14 11:20:35 - INFO - ============================================================
2025-07-14 11:20:35 - INFO - Запуск Alt-RAG системы
2025-07-14 11:20:35 - DEBUG - Версия Python: 3.10.6 (tags/v3.10.6:9c7b4bd, Aug  1 2022, 21:53:49) [MSC v.1932 64 bit (AMD64)]
2025-07-14 11:20:35 - INFO - Текущий язык интерфейса: ru
2025-07-14 11:20:35 - INFO - ============================================================
2025-07-14 11:20:35 - INFO - Запуск основного интерфейса...
2025-07-14 11:20:35 - INFO - folder_created
2025-07-14 11:23:39 - INFO - Запрос сохранен в user_data\outputs\140725_112035\query.json
2025-07-14 11:23:53 - INFO - Приложение завершило работу успешно
2025-07-14 11:27:15 - DEBUG - Загружены переводы для: []
2025-07-14 11:27:15 - INFO - ============================================================
2025-07-14 11:27:15 - INFO - Запуск Alt-RAG системы
2025-07-14 11:27:15 - DEBUG - Версия Python: 3.10.6 (tags/v3.10.6:9c7b4bd, Aug  1 2022, 21:53:49) [MSC v.1932 64 bit (AMD64)]
2025-07-14 11:27:15 - INFO - Текущий язык интерфейса: ru
2025-07-14 11:27:15 - INFO - ============================================================
2025-07-14 11:27:15 - INFO - Запуск основного интерфейса...
2025-07-14 11:27:15 - INFO - folder_created
2025-07-14 11:28:15 - DEBUG - Загружены переводы для: []
2025-07-14 11:28:15 - INFO - ============================================================
2025-07-14 11:28:15 - INFO - Запуск Alt-RAG системы
2025-07-14 11:28:15 - DEBUG - Версия Python: 3.10.6 (tags/v3.10.6:9c7b4bd, Aug  1 2022, 21:53:49) [MSC v.1932 64 bit (AMD64)]
2025-07-14 11:28:15 - INFO - Текущий язык интерфейса: ru
2025-07-14 11:28:15 - INFO - ============================================================
2025-07-14 11:28:15 - INFO - Запуск основного интерфейса...
2025-07-14 11:28:15 - INFO - folder_created
2025-07-14 11:45:00 - INFO - Запрос сохранен в user_data\outputs\140725_112815\query.json
2025-07-14 11:45:14 - INFO - Приложение завершило работу успешно
2025-07-14 11:46:04 - ERROR - Ошибка загрузки переводов: name 'locales_dir' is not defined
2025-07-14 11:46:04 - INFO - ============================================================
2025-07-14 11:46:04 - INFO - Запуск Alt-RAG системы
2025-07-14 11:46:04 - DEBUG - Версия Python: 3.10.6 (tags/v3.10.6:9c7b4bd, Aug  1 2022, 21:53:49) [MSC v.1932 64 bit (AMD64)]
2025-07-14 11:46:04 - INFO - Текущий язык интерфейса: ru
2025-07-14 11:46:04 - INFO - ============================================================
2025-07-14 11:46:04 - INFO - Запуск основного интерфейса...
2025-07-14 11:46:04 - INFO - folder_created
2025-07-14 11:48:08 - INFO - Запрос сохранен в user_data\outputs\140725_114604\query.json
2025-07-14 11:48:22 - INFO - Приложение завершило работу успешно
2025-07-14 11:48:25 - ERROR - Ошибка загрузки переводов: name 'locales_dir' is not defined
2025-07-14 11:48:25 - INFO - ============================================================
2025-07-14 11:48:25 - INFO - Запуск Alt-RAG системы
2025-07-14 11:48:25 - DEBUG - Версия Python: 3.10.6 (tags/v3.10.6:9c7b4bd, Aug  1 2022, 21:53:49) [MSC v.1932 64 bit (AMD64)]
2025-07-14 11:48:25 - INFO - Текущий язык интерфейса: ru
2025-07-14 11:48:25 - INFO - ============================================================
2025-07-14 11:48:25 - INFO - Запуск основного интерфейса...
2025-07-14 11:48:25 - INFO - folder_created
2025-07-14 11:53:08 - INFO - Запрос сохранен в user_data\outputs\140725_114825\query.json
2025-07-14 11:53:21 - INFO - Приложение завершило работу успешно
2025-07-14 11:53:24 - ERROR - Ошибка загрузки переводов: name 'locales_dir' is not defined
2025-07-14 11:53:24 - INFO - ============================================================
2025-07-14 11:53:24 - INFO - Запуск Alt-RAG системы
2025-07-14 11:53:24 - DEBUG - Версия Python: 3.10.6 (tags/v3.10.6:9c7b4bd, Aug  1 2022, 21:53:49) [MSC v.1932 64 bit (AMD64)]
2025-07-14 11:53:24 - INFO - Текущий язык интерфейса: ru
2025-07-14 11:53:24 - INFO - ============================================================
2025-07-14 11:53:24 - INFO - Запуск основного интерфейса...
2025-07-14 11:53:24 - INFO - folder_created
2025-07-14 11:54:04 - INFO - Запрос сохранен в user_data\outputs\140725_115324\query.json
2025-07-14 11:54:17 - INFO - Приложение завершило работу успешно
2025-07-14 11:54:27 - DEBUG - Загружены переводы для: ['en', 'ru']
2025-07-14 11:54:27 - INFO - ============================================================
2025-07-14 11:54:27 - INFO - Запуск Alt-RAG системы
2025-07-14 11:54:27 - DEBUG - Версия Python: 3.10.6 (tags/v3.10.6:9c7b4bd, Aug  1 2022, 21:53:49) [MSC v.1932 64 bit (AMD64)]
2025-07-14 11:54:27 - INFO - Текущий язык интерфейса: ru
2025-07-14 11:54:27 - INFO - ============================================================
2025-07-14 11:54:27 - INFO - Запуск основного интерфейса...
2025-07-14 11:54:27 - INFO - Создана папка для результатов: user_data\outputs\140725_115427
2025-07-14 12:28:14 - INFO - Запрос сохранен в user_data\outputs\140725_115427\query.json
2025-07-14 12:28:27 - INFO - Приложение завершило работу успешно
2025-07-14 12:28:32 - DEBUG - Загружены переводы для: ['en', 'ru']
2025-07-14 12:28:32 - INFO - ============================================================
2025-07-14 12:28:32 - INFO - Запуск Alt-RAG системы
2025-07-14 12:28:32 - DEBUG - Версия Python: 3.10.6 (tags/v3.10.6:9c7b4bd, Aug  1 2022, 21:53:49) [MSC v.1932 64 bit (AMD64)]
2025-07-14 12:28:32 - INFO - Текущий язык интерфейса: en
2025-07-14 12:28:32 - INFO - ============================================================
2025-07-14 12:28:32 - INFO - Запуск основного интерфейса...
2025-07-14 12:28:32 - INFO - Output folder created: user_data\outputs\140725_122832
2025-07-14 12:28:38 - INFO - Запрос сохранен в user_data\outputs\140725_122832\query.json
2025-07-14 12:28:52 - INFO - Приложение завершило работу успешно
